<?xml version="1.0" encoding="UTF-8"?>
<testng-results ignored="0" total="1" passed="1" failed="0" skipped="0">
  <reporter-output>
  </reporter-output>
  <suite started-at="2021-05-08T11:41:44 PDT" name="Suite" finished-at="2021-05-08T11:41:45 PDT" duration-ms="505">
    <groups>
      <group name="cucumber">
        <method signature="AbstractTestNGCucumberTests.feature(cucumber.api.testng.CucumberFeatureWrapper)[pri:0, instance:Cucumber.Advance.TestRunner@3738449f]" name="feature" class="cucumber.api.testng.AbstractTestNGCucumberTests"/>
      </group> <!-- cucumber -->
    </groups>
    <test started-at="2021-05-08T11:41:44 PDT" name="Test" finished-at="2021-05-08T11:41:45 PDT" duration-ms="505">
      <class name="Cucumber.Advance.TestRunner">
        <test-method is-config="true" signature="setUpClass()[pri:0, instance:Cucumber.Advance.TestRunner@3738449f]" started-at="2021-05-08T11:41:44 PDT" name="setUpClass" finished-at="2021-05-08T11:41:44 PDT" duration-ms="243" status="PASS">
          <reporter-output>
          </reporter-output>
        </test-method> <!-- setUpClass -->
        <test-method signature="feature(cucumber.api.testng.CucumberFeatureWrapper)[pri:0, instance:Cucumber.Advance.TestRunner@3738449f]" started-at="2021-05-08T11:41:44 PDT" name="feature" description="Runs Cucumber Feature" data-provider="features" finished-at="2021-05-08T11:41:44 PDT" duration-ms="67" status="PASS">
          <params>
            <param index="0">
              <value>
                <![CDATA[Application login page]]>
              </value>
            </param>
          </params>
          <reporter-output>
          </reporter-output>
        </test-method> <!-- feature -->
        <test-method is-config="true" signature="tearDownClass()[pri:0, instance:Cucumber.Advance.TestRunner@3738449f]" started-at="2021-05-08T11:41:44 PDT" name="tearDownClass" finished-at="2021-05-08T11:41:45 PDT" duration-ms="91" status="PASS">
          <reporter-output>
          </reporter-output>
        </test-method> <!-- tearDownClass -->
      </class> <!-- Cucumber.Advance.TestRunner -->
    </test> <!-- Test -->
  </suite> <!-- Suite -->
</testng-results>
