<?xml version="1.0" encoding="UTF-8"?>
<testng-results total="1" passed="1" failed="0" skipped="0">
  <reporter-output>
  </reporter-output>
  <suite started-at="2021-05-08T17:29:49Z" name="Suite" finished-at="2021-05-08T17:29:50Z" duration-ms="737">
    <groups>
      <group name="cucumber">
        <method signature="AbstractTestNGCucumberTests.feature(cucumber.api.testng.CucumberFeatureWrapper)[pri:0, instance:Cucumber.Advance.TestRunner@28701274]" name="feature" class="cucumber.api.testng.AbstractTestNGCucumberTests"/>
      </group> <!-- cucumber -->
    </groups>
    <test started-at="2021-05-08T17:29:49Z" name="Test" finished-at="2021-05-08T17:29:50Z" duration-ms="737">
      <class name="Cucumber.Advance.TestRunner">
        <test-method is-config="true" signature="setUpClass()[pri:0, instance:Cucumber.Advance.TestRunner@28701274]" started-at="2021-05-08T10:29:49Z" name="setUpClass" finished-at="2021-05-08T10:29:50Z" duration-ms="367" status="PASS">
          <reporter-output>
          </reporter-output>
        </test-method> <!-- setUpClass -->
        <test-method signature="feature(cucumber.api.testng.CucumberFeatureWrapper)[pri:0, instance:Cucumber.Advance.TestRunner@28701274]" started-at="2021-05-08T10:29:50Z" name="feature" description="Runs Cucumber Feature" data-provider="features" finished-at="2021-05-08T10:29:50Z" duration-ms="110" status="PASS">
          <params>
            <param index="0">
              <value>
                <![CDATA[Application login page]]>
              </value>
            </param>
          </params>
          <reporter-output>
          </reporter-output>
        </test-method> <!-- feature -->
        <test-method is-config="true" signature="tearDownClass()[pri:0, instance:Cucumber.Advance.TestRunner@28701274]" started-at="2021-05-08T10:29:50Z" name="tearDownClass" finished-at="2021-05-08T10:29:50Z" duration-ms="143" status="PASS">
          <reporter-output>
          </reporter-output>
        </test-method> <!-- tearDownClass -->
      </class> <!-- Cucumber.Advance.TestRunner -->
    </test> <!-- Test -->
  </suite> <!-- Suite -->
</testng-results>
